<?xml version="1.0" encoding="UTF-8"?>
<!--
  ~ Copyright 2016 The DC4Cities author.
  ~
  ~ Licensed under the Apache License, Version 2.0 (the "License");
  ~ you may not use this file except in compliance with the License.
  ~ You may obtain a copy of the License at
  ~
  ~     http://www.apache.org/licenses/LICENSE-2.0
  ~
  ~ Unless required by applicable law or agreed to in writing, software
  ~ distributed under the License is distributed on an "AS IS" BASIS,
  ~ WITHOUT WARRANTIES OR CONDITIONS OF ANY KIND, either express or implied.
  ~ See the License for the specific language governing permissions and
  ~ limitations under the License.
  -->

<beans xmlns="http://www.springframework.org/schema/beans"
	xmlns:xsi="http://www.w3.org/2001/XMLSchema-instance" xmlns:mvc="http://www.springframework.org/schema/mvc"
	xmlns:context="http://www.springframework.org/schema/context"
	xmlns:p="http://www.springframework.org/schema/p"
	xsi:schemaLocation="http://www.springframework.org/schema/mvc http://www.springframework.org/schema/mvc/spring-mvc-3.2.xsd
		http://www.springframework.org/schema/beans http://www.springframework.org/schema/beans/spring-beans.xsd
		http://www.springframework.org/schema/context http://www.springframework.org/schema/context/spring-context-3.2.xsd">

	<context:property-placeholder
		location="classpath:replay-test/test-replay-dc4es.properties" />

	<context:component-scan base-package="eu.dc4cities.dc4es" />

	<context:annotation-config />

	<!-- Create Custom DC4Cities ObjectMapper -->
	<bean id="customObjectMapper"
		class="eu.dc4cities.dc4es.controller.factory.ObjectMapperFactoryBean">
	</bean>

	<!-- Register Custom MappingJackson2HttpMessageConverter -->
	<mvc:annotation-driven>
		<mvc:message-converters register-defaults="true">
			<bean id="mappingJackson2HttpMessageConverter"
				class="org.springframework.http.converter.json.MappingJackson2HttpMessageConverter">
				<property name="objectMapper" ref="customObjectMapper" />
			</bean>
		</mvc:message-converters>
	</mvc:annotation-driven>

</beans>
